{
  "RSpec": {
    "coverage": {
      "/Users/sourav/Downloads/makeitjakes-main/backend/app/controllers/api/v1/resumes_controller.rb": {
        "lines": [
          1,
          null,
          1,
          1,
          1,
          1,
          null,
          1,
          1,
          null,
          1,
          8,
          null,
          8,
          2,
          2,
          0,
          0,
          null,
          2,
          1,
          1,
          null,
          null,
          null,
          1,
          1,
          1,
          null,
          0,
          0,
          null,
          6,
          4,
          1,
          1,
          null,
          null,
          3,
          3,
          3,
          null,
          2,
          2,
          null,
          null,
          4,
          4,
          4,
          null,
          4,
          null,
          null,
          null,
          null,
          null,
          null,
          null,
          4,
          null,
          0,
          null,
          null,
          1,
          2,
          2,
          1,
          1,
          null,
          null,
          1,
          1,
          null,
          1,
          0,
          null,
          null,
          null,
          0,
          null,
          null,
          1,
          1,
          1,
          1,
          null,
          null,
          null,
          0,
          0,
          null,
          0,
          0,
          0,
          null,
          0,
          null,
          0,
          0,
          null,
          null,
          0,
          0,
          0,
          null,
          null,
          0,
          0,
          0,
          0,
          null,
          null,
          0,
          0,
          0,
          0,
          0,
          null,
          0,
          0,
          null,
          null,
          null,
          null,
          null,
          0,
          null,
          null,
          0,
          null,
          0,
          null,
          null,
          null,
          1,
          null,
          1,
          8,
          null,
          null,
          1,
          7,
          null,
          null,
          null
        ]
      },
      "/Users/sourav/Downloads/makeitjakes-main/backend/app/controllers/application_controller.rb": {
        "lines": [
          1,
          null,
          1,
          null
        ]
      },
      "/Users/sourav/Downloads/makeitjakes-main/backend/app/jobs/application_job.rb": {
        "lines": [
          1,
          null,
          null,
          null,
          null,
          null,
          null
        ]
      },
      "/Users/sourav/Downloads/makeitjakes-main/backend/app/jobs/resume_processing_job.rb": {
        "lines": [
          1,
          1,
          null,
          null,
          null,
          1,
          null,
          1,
          3,
          null,
          3,
          null,
          null,
          null,
          null,
          null,
          null,
          null,
          2,
          null,
          null,
          null,
          null,
          2,
          null,
          1,
          1,
          1,
          null,
          null
        ]
      },
      "/Users/sourav/Downloads/makeitjakes-main/backend/app/services/groq_api_service.rb": {
        "lines": [
          1,
          1,
          null,
          null,
          1,
          null,
          null,
          null,
          null,
          null,
          null,
          null,
          null,
          null,
          null,
          null,
          null,
          null,
          null,
          null,
          null,
          null,
          null,
          null,
          null,
          null,
          null,
          1,
          1,
          null,
          1,
          null,
          1,
          26,
          26,
          25,
          null,
          117,
          null,
          null,
          25,
          2,
          2,
          null,
          null,
          25,
          1,
          null,
          null,
          null,
          1,
          10,
          10,
          10,
          null,
          10,
          12,
          null,
          13,
          null,
          null,
          null,
          null,
          null,
          null,
          13,
          11,
          null,
          null,
          null,
          13,
          null,
          null,
          null,
          null,
          null,
          null,
          null,
          null,
          9,
          8,
          null,
          4,
          null,
          4,
          3,
          3,
          null,
          null,
          1,
          1,
          1,
          null,
          null,
          0,
          null,
          null,
          null,
          11,
          null,
          null,
          9,
          1,
          null,
          null,
          8,
          null,
          0,
          null,
          null,
          1,
          null,
          1,
          12,
          12,
          0,
          null,
          12,
          null,
          null,
          null,
          1,
          9,
          9,
          1,
          null,
          null,
          8,
          8,
          null,
          null,
          1,
          11,
          null,
          11,
          11,
          11,
          null,
          null,
          1,
          4,
          1,
          null,
          null,
          1,
          1,
          0,
          null,
          null,
          1,
          6,
          null,
          null,
          6,
          6,
          null,
          0,
          null,
          null,
          null,
          1,
          1,
          null,
          1,
          null,
          1,
          null,
          0,
          null,
          0,
          null,
          0,
          null,
          null,
          null
        ]
      },
      "/Users/sourav/Downloads/makeitjakes-main/backend/app/services/resume_data_normalizer.rb": {
        "lines": [
          1,
          null,
          1,
          1,
          null,
          1,
          null,
          null,
          1,
          null,
          null,
          null,
          null,
          null,
          null,
          null,
          null,
          null,
          null,
          null,
          null,
          null,
          null,
          null,
          null,
          null,
          null,
          null,
          null,
          null,
          null,
          null,
          null,
          null,
          null,
          null,
          null,
          null,
          1,
          1,
          10,
          null,
          10,
          null,
          2,
          3,
          2,
          null,
          2,
          null,
          null,
          null,
          1,
          6,
          6,
          null,
          1,
          null,
          null,
          1,
          null,
          1,
          10,
          1,
          1,
          null,
          null,
          9,
          9,
          9,
          9,
          null,
          9,
          0,
          0,
          0,
          null,
          null,
          9,
          null,
          null,
          1,
          10,
          10,
          10,
          null,
          null,
          10,
          null,
          null,
          null,
          null,
          null,
          null,
          null,
          null,
          1,
          2,
          null,
          2,
          null,
          null,
          null,
          null,
          null,
          null,
          2,
          null,
          null,
          1,
          3,
          null,
          3,
          null,
          null,
          null,
          null,
          null,
          3,
          null,
          null,
          1,
          2,
          2,
          null,
          2,
          null,
          null,
          null,
          null,
          2,
          null,
          null,
          1,
          2,
          2,
          null,
          2,
          null,
          null,
          null,
          null,
          null,
          2,
          null,
          null,
          1,
          10,
          4,
          null,
          3,
          3,
          3,
          null,
          null,
          null,
          1,
          40,
          null,
          25,
          null,
          15,
          null,
          0,
          null,
          0,
          null,
          0,
          null,
          null,
          null,
          1,
          36,
          null,
          7,
          null,
          26,
          null,
          3,
          null,
          17,
          null,
          0,
          null,
          null,
          null,
          1,
          121,
          244,
          244,
          244,
          null,
          90,
          null,
          null,
          1,
          58,
          null,
          null,
          1,
          257,
          null,
          214,
          null,
          3,
          null,
          3,
          null,
          41,
          null,
          null,
          null,
          1,
          28,
          null,
          null,
          null
        ]
      },
      "/Users/sourav/Downloads/makeitjakes-main/backend/app/services/resume_formatter_service.rb": {
        "lines": [
          1,
          null,
          1,
          null,
          null,
          null,
          null,
          null,
          null,
          1,
          0,
          0,
          0,
          0,
          0,
          0,
          null,
          null,
          1,
          0,
          0,
          0,
          null,
          0,
          null,
          null,
          1,
          null,
          1,
          0,
          0,
          0,
          null,
          null,
          1,
          0,
          null,
          0,
          null,
          0,
          null,
          0,
          null,
          0,
          null,
          0,
          null,
          null,
          null,
          1,
          null,
          null,
          0,
          0,
          0,
          0,
          null,
          0,
          0,
          0,
          null,
          0,
          0,
          0,
          null,
          0,
          null,
          null,
          0,
          0,
          0,
          null,
          0,
          0,
          null,
          0,
          0,
          null,
          0,
          null,
          null,
          null,
          1,
          0,
          0,
          0,
          0,
          null,
          null,
          0,
          0,
          0,
          null,
          0,
          0,
          null,
          0,
          null,
          null,
          null,
          1,
          0,
          0,
          0,
          0,
          null,
          null,
          0,
          0,
          0,
          null,
          0,
          0,
          null,
          0,
          null,
          null,
          null,
          1,
          0,
          null,
          null,
          null,
          null,
          1,
          0,
          null,
          null,
          0,
          null,
          0,
          null,
          null
        ]
      },
      "/Users/sourav/Downloads/makeitjakes-main/backend/app/services/resume_pipeline_service.rb": {
        "lines": [
          1,
          1,
          6,
          6,
          6,
          6,
          6,
          null,
          null,
          null,
          1,
          4,
          4,
          null,
          4,
          null,
          null,
          3,
          3,
          2,
          null,
          null,
          2,
          2,
          null,
          null,
          2,
          2,
          null,
          2,
          2,
          2,
          null,
          null,
          0,
          0,
          0,
          null,
          2,
          2,
          2,
          2,
          null,
          null,
          1,
          null,
          null,
          null,
          1,
          3,
          3,
          3,
          null,
          3,
          1,
          null,
          null,
          null,
          2,
          2,
          null,
          null,
          null,
          null,
          null,
          2,
          2,
          null,
          null,
          0,
          0,
          0,
          null,
          null,
          1,
          2,
          2,
          2,
          null,
          null,
          null,
          null,
          1,
          2,
          2,
          2,
          null,
          1,
          1,
          1,
          null,
          null,
          1,
          1,
          null,
          0,
          0,
          null,
          null,
          null,
          null,
          1,
          2,
          2,
          null,
          null,
          null,
          null,
          1,
          4,
          4,
          4,
          null,
          1,
          null,
          null,
          1,
          15,
          15,
          null,
          null
        ]
      },
      "/Users/sourav/Downloads/makeitjakes-main/backend/app/services/resume_prompts.rb": {
        "lines": [
          1,
          null,
          1,
          null,
          null,
          null,
          null,
          null,
          null,
          null,
          null,
          null,
          null,
          null,
          null,
          null,
          null,
          null,
          null,
          null,
          null,
          null,
          null,
          null,
          null,
          null,
          null,
          null,
          null,
          null,
          null,
          null,
          null,
          null,
          null,
          null,
          null,
          null,
          null,
          null,
          null,
          null,
          null,
          null,
          null,
          null,
          null,
          null,
          null,
          null,
          null,
          null,
          null,
          null,
          null,
          null,
          null,
          null,
          null,
          null,
          null,
          null,
          null,
          null,
          null,
          null,
          null,
          null,
          null,
          null,
          null,
          null,
          null,
          null,
          null,
          null,
          null,
          null,
          null,
          null,
          null,
          null,
          null,
          null,
          null,
          null,
          null,
          null,
          null,
          null,
          null,
          null,
          null,
          null,
          null,
          null,
          null,
          null,
          null,
          null,
          null,
          null,
          null,
          null,
          null,
          null,
          null,
          null,
          null,
          null,
          null,
          null,
          null,
          null,
          null,
          null,
          null,
          null,
          null,
          null,
          null,
          null,
          null,
          null,
          null,
          null,
          null,
          null,
          null,
          null,
          null,
          null,
          null,
          null,
          null,
          null,
          null,
          null,
          null,
          null,
          null,
          null,
          null,
          null,
          null,
          null,
          null,
          null,
          null,
          null,
          null,
          null,
          null,
          null,
          null,
          null,
          null,
          null,
          null,
          null,
          null,
          null,
          null,
          null,
          null,
          null,
          null,
          null,
          null,
          null,
          null,
          null,
          null,
          null,
          null,
          null,
          null,
          null,
          null,
          null,
          null,
          null,
          null,
          null,
          null,
          null,
          null,
          null,
          null,
          null,
          null,
          null,
          null,
          null,
          null,
          null,
          null,
          null,
          null,
          null,
          null,
          null,
          null,
          null,
          null,
          null,
          null,
          null,
          1,
          null,
          null,
          null,
          null,
          null,
          null,
          null,
          null,
          null,
          null,
          null,
          null,
          null,
          null,
          null,
          null,
          null,
          null,
          null,
          null,
          null,
          null,
          null,
          null,
          null,
          null,
          null,
          null,
          null,
          null,
          null,
          null,
          null,
          null,
          null,
          null,
          null,
          null,
          null,
          null,
          null,
          null,
          null,
          null,
          null,
          null,
          null,
          null,
          null,
          null,
          null,
          null,
          null,
          null,
          null,
          null,
          null,
          null,
          null,
          null,
          1,
          null,
          null,
          null,
          null,
          null,
          null,
          null,
          null,
          null,
          null,
          null,
          null,
          null,
          null,
          null,
          null,
          null,
          null,
          null,
          null,
          null,
          null,
          null,
          null,
          null,
          null,
          null,
          null,
          null,
          null,
          null,
          null,
          null,
          null,
          null,
          null,
          null,
          null,
          null,
          null,
          null,
          null,
          null,
          null,
          null,
          null,
          null,
          null,
          null,
          null,
          null,
          null,
          null,
          null,
          null,
          null,
          null,
          null,
          null,
          null,
          null,
          null,
          null,
          null,
          null,
          null,
          1,
          null,
          null,
          null,
          null,
          1,
          3,
          null,
          null,
          null,
          null,
          null,
          null,
          null,
          null,
          null,
          null,
          null,
          null,
          null,
          null,
          null,
          null,
          null,
          null,
          null,
          null,
          null,
          null,
          null,
          null,
          null,
          null,
          null,
          null,
          null,
          null,
          null,
          null,
          null,
          null,
          1,
          2,
          null,
          2,
          null,
          null,
          null,
          null,
          null,
          null,
          null,
          null,
          null,
          null,
          null,
          null,
          null,
          null,
          null,
          null,
          null,
          null,
          null,
          null,
          null,
          null,
          null,
          null,
          null,
          null,
          null,
          null,
          null,
          null,
          null,
          null,
          null,
          null,
          1,
          null,
          7,
          7,
          1,
          1,
          5,
          null,
          7,
          null,
          7,
          null,
          null,
          null,
          null,
          null,
          null,
          null,
          null,
          null,
          null,
          null,
          null,
          null,
          null,
          null,
          null,
          null,
          null,
          null,
          null,
          null,
          null,
          null,
          null,
          null,
          null,
          null,
          null,
          null,
          null,
          null,
          null,
          null,
          null,
          null,
          null,
          null,
          null,
          null,
          null,
          null,
          null,
          null,
          null
        ]
      },
      "/Users/sourav/Downloads/makeitjakes-main/backend/app/services/status_publisher.rb": {
        "lines": [
          null,
          null,
          null,
          1,
          1,
          null,
          1,
          null,
          null,
          1,
          20,
          20,
          null,
          0,
          null,
          null,
          1,
          null,
          1,
          null,
          1,
          20,
          20,
          20,
          null,
          20,
          2,
          2,
          2,
          null,
          null,
          null,
          20,
          2,
          2,
          null,
          null,
          null,
          1,
          20,
          20,
          null,
          null,
          null
        ]
      }
    },
    "timestamp": 1788508282
  }
}
